<?xml version="1.0" encoding="UTF-8"?>
<testsuite xmlns:xsi="http://www.w3.org/2001/XMLSchema-instance" xsi:noNamespaceSchemaLocation="https://maven.apache.org/surefire/maven-surefire-plugin/xsd/surefire-test-report.xsd" version="3.0.2" name="com.founderlink.userservice.controller.UserControllerTest" time="7.514" tests="6" errors="0" skipped="0" failures="2" flakes="0">
  <properties>
[...]
</properties>
  <testcase name="testGetInvestors" classname="com.founderlink.userservice.controller.UserControllerTest" time="0.215">
    <system-out><![CDATA[23:26:59.965 [main] INFO org.springframework.test.context.support.AnnotationConfigContextLoaderUtils -- Could not detect default configuration classes for test class [com.founderlink.userservice.controller.UserControllerTest]: UserControllerTest does not declare any static, non-private, non-final, nested classes annotated with @Configuration.
23:27:00.418 [main] INFO org.springframework.boot.test.context.SpringBootTestContextBootstrapper -- Found @SpringBootConfiguration com.founderlink.userservice.UserserviceApplication for test class com.founderlink.userservice.controller.UserControllerTest

  .   ____          _            __ _ _
 /\\ / ___'_ __ _ _(_)_ __  __ _ \ \ \ \
( ( )\___ | '_ | '_| | '_ \/ _` | \ \ \ \
 \\/  ___)| |_)| | | | | || (_| |  ) ) ) )
  '  |____| .__|_| |_|_| |_\__, | / / / /
 =========|_|==============|___/=/_/_/_/

 :: Spring Boot ::               (v3.5.12)

2026-03-30T23:27:02.207+05:30  INFO 5068 --- [USER-SERVICE] [           main] [                                                 ] c.f.u.controller.UserControllerTest      : Starting UserControllerTest using Java 17.0.12 with PID 5068 (started by DELL in D:\FOUNDERLINK-DEPLOY\user-service)
2026-03-30T23:27:02.218+05:30  INFO 5068 --- [USER-SERVICE] [           main] [                                                 ] c.f.u.controller.UserControllerTest      : No active profile set, falling back to 1 default profile: "default"
2026-03-30T23:27:06.010+05:30  WARN 5068 --- [USER-SERVICE] [           main] [                                                 ] .s.s.UserDetailsServiceAutoConfiguration : 

Using generated security password: ece978be-4e69-49f5-a5a1-e148eb0f27a7

This generated password is for development use only. Your security configuration must be updated before running your application in production.

2026-03-30T23:27:06.020+05:30  INFO 5068 --- [USER-SERVICE] [           main] [                                                 ] r$InitializeUserDetailsManagerConfigurer : Global AuthenticationManager configured with UserDetailsService bean with name inMemoryUserDetailsManager
2026-03-30T23:27:06.272+05:30  INFO 5068 --- [USER-SERVICE] [           main] [                                                 ] o.s.b.t.m.w.SpringBootMockServletContext : Initializing Spring TestDispatcherServlet ''
2026-03-30T23:27:06.272+05:30  INFO 5068 --- [USER-SERVICE] [           main] [                                                 ] o.s.t.web.servlet.TestDispatcherServlet  : Initializing Servlet ''
2026-03-30T23:27:06.274+05:30  INFO 5068 --- [USER-SERVICE] [           main] [                                                 ] o.s.t.web.servlet.TestDispatcherServlet  : Completed initialization in 2 ms
2026-03-30T23:27:06.315+05:30  INFO 5068 --- [USER-SERVICE] [           main] [                                                 ] c.f.u.controller.UserControllerTest      : Started UserControllerTest in 5.41 seconds (process running for 8.129)
]]></system-out>
  </testcase>
  <testcase name="testViewProfile" classname="com.founderlink.userservice.controller.UserControllerTest" time="0.022"/>
  <testcase name="testCreateProfile" classname="com.founderlink.userservice.controller.UserControllerTest" time="0.217">
    <failure message="Status expected:&lt;200&gt; but was:&lt;500&gt;" type="java.lang.AssertionError"><![CDATA[java.lang.AssertionError: Status expected:<200> but was:<500>
	at org.springframework.test.util.AssertionErrors.fail(AssertionErrors.java:61)
	at org.springframework.test.util.AssertionErrors.assertEquals(AssertionErrors.java:128)
	at org.springframework.test.web.servlet.result.StatusResultMatchers.lambda$matcher$9(StatusResultMatchers.java:640)
	at org.springframework.test.web.servlet.MockMvc$1.andExpect(MockMvc.java:214)
	at com.founderlink.userservice.controller.UserControllerTest.testCreateProfile(UserControllerTest.java:55)
	at java.base/java.lang.reflect.Method.invoke(Method.java:568)
	at java.base/java.util.ArrayList.forEach(ArrayList.java:1511)
	at java.base/java.util.ArrayList.forEach(ArrayList.java:1511)
]]></failure>
    <system-out><![CDATA[
MockHttpServletRequest:
      HTTP Method = POST
      Request URI = /users
       Parameters = {}
          Headers = [Content-Type:"application/json", X-User:"test@mail.com", X-Role:"ROLE_INVESTOR", Content-Length:"80"]
             Body = <no character encoding set>
    Session Attrs = {}

Handler:
             Type = com.founderlink.userservice.controller.UserController
           Method = com.founderlink.userservice.controller.UserController#createProfile(UserRequest, HttpServletRequest)

Async:
    Async started = false
     Async result = null

Resolved Exception:
             Type = org.springframework.web.bind.MethodArgumentNotValidException

ModelAndView:
        View name = null
             View = null
            Model = null

FlashMap:
       Attributes = null

MockHttpServletResponse:
           Status = 500
    Error message = null
          Headers = [Content-Type:"application/json"]
     Content type = application/json
             Body = {"error":"Internal Server Error","message":"Validation failed for argument [0] in public org.springframework.http.ResponseEntity<com.founderlink.userservice.dto.UserResponse> com.founderlink.userservice.controller.UserController.createProfile(com.founderlink.userservice.dto.UserRequest,jakarta.servlet.http.HttpServletRequest) with 3 errors: [Field error in object 'userRequest' on field 'skills': rejected value [null]; codes [NotBlank.userRequest.skills,NotBlank.skills,NotBlank.java.lang.String,NotBlank]; arguments [org.springframework.context.support.DefaultMessageSourceResolvable: codes [userRequest.skills,skills]; arguments []; default message [skills]]; default message [Skills are required]] [Field error in object 'userRequest' on field 'bio': rejected value [null]; codes [NotBlank.userRequest.bio,NotBlank.bio,NotBlank.java.lang.String,NotBlank]; arguments [org.springframework.context.support.DefaultMessageSourceResolvable: codes [userRequest.bio,bio]; arguments []; default message [bio]]; default message [Bio is required]] [Field error in object 'userRequest' on field 'experience': rejected value [null]; codes [NotBlank.userRequest.experience,NotBlank.experience,NotBlank.java.lang.String,NotBlank]; arguments [org.springframework.context.support.DefaultMessageSourceResolvable: codes [userRequest.experience,experience]; arguments []; default message [experience]]; default message [Experience is required]] ","timestamp":"2026-03-30T23:27:06.7659201","status":500}
    Forwarded URL = null
   Redirected URL = null
          Cookies = []
]]></system-out>
  </testcase>
  <testcase name="testUpdateProfile" classname="com.founderlink.userservice.controller.UserControllerTest" time="0.014">
    <failure message="Status expected:&lt;200&gt; but was:&lt;500&gt;" type="java.lang.AssertionError"><![CDATA[java.lang.AssertionError: Status expected:<200> but was:<500>
	at org.springframework.test.util.AssertionErrors.fail(AssertionErrors.java:61)
	at org.springframework.test.util.AssertionErrors.assertEquals(AssertionErrors.java:128)
	at org.springframework.test.web.servlet.result.StatusResultMatchers.lambda$matcher$9(StatusResultMatchers.java:640)
	at org.springframework.test.web.servlet.MockMvc$1.andExpect(MockMvc.java:214)
	at com.founderlink.userservice.controller.UserControllerTest.testUpdateProfile(UserControllerTest.java:70)
	at java.base/java.lang.reflect.Method.invoke(Method.java:568)
	at java.base/java.util.ArrayList.forEach(ArrayList.java:1511)
	at java.base/java.util.ArrayList.forEach(ArrayList.java:1511)
]]></failure>
    <system-out><![CDATA[
MockHttpServletRequest:
      HTTP Method = PUT
      Request URI = /users/1
       Parameters = {}
          Headers = [Content-Type:"application/json", X-User:"test@mail.com", Content-Length:"78"]
             Body = <no character encoding set>
    Session Attrs = {}

Handler:
             Type = com.founderlink.userservice.controller.UserController
           Method = com.founderlink.userservice.controller.UserController#updateProfile(Long, UserRequest, HttpServletRequest)

Async:
    Async started = false
     Async result = null

Resolved Exception:
             Type = org.springframework.web.bind.MethodArgumentNotValidException

ModelAndView:
        View name = null
             View = null
            Model = null

FlashMap:
       Attributes = null

MockHttpServletResponse:
           Status = 500
    Error message = null
          Headers = [Content-Type:"application/json"]
     Content type = application/json
             Body = {"error":"Internal Server Error","message":"Validation failed for argument [1] in public org.springframework.http.ResponseEntity<com.founderlink.userservice.dto.UserResponse> com.founderlink.userservice.controller.UserController.updateProfile(java.lang.Long,com.founderlink.userservice.dto.UserRequest,jakarta.servlet.http.HttpServletRequest) with 4 errors: [Field error in object 'userRequest' on field 'name': rejected value [null]; codes [NotBlank.userRequest.name,NotBlank.name,NotBlank.java.lang.String,NotBlank]; arguments [org.springframework.context.support.DefaultMessageSourceResolvable: codes [userRequest.name,name]; arguments []; default message [name]]; default message [Name is required]] [Field error in object 'userRequest' on field 'bio': rejected value [null]; codes [NotBlank.userRequest.bio,NotBlank.bio,NotBlank.java.lang.String,NotBlank]; arguments [org.springframework.context.support.DefaultMessageSourceResolvable: codes [userRequest.bio,bio]; arguments []; default message [bio]]; default message [Bio is required]] [Field error in object 'userRequest' on field 'experience': rejected value [null]; codes [NotBlank.userRequest.experience,NotBlank.experience,NotBlank.java.lang.String,NotBlank]; arguments [org.springframework.context.support.DefaultMessageSourceResolvable: codes [userRequest.experience,experience]; arguments []; default message [experience]]; default message [Experience is required]] [Field error in object 'userRequest' on field 'skills': rejected value [null]; codes [NotBlank.userRequest.skills,NotBlank.skills,NotBlank.java.lang.String,NotBlank]; arguments [org.springframework.context.support.DefaultMessageSourceResolvable: codes [userRequest.skills,skills]; arguments []; default message [skills]]; default message [Skills are required]] ","timestamp":"2026-03-30T23:27:06.7998078","status":500}
    Forwarded URL = null
   Redirected URL = null
          Cookies = []
]]></system-out>
  </testcase>
  <testcase name="testViewProfile_NotFound" classname="com.founderlink.userservice.controller.UserControllerTest" time="0.016"/>
  <testcase name="testGetByEmail" classname="com.founderlink.userservice.controller.UserControllerTest" time="0.04"/>
</testsuite>